<?xml version="1.0" encoding="UTF-8" ?>
<testsuite tests="32" failures="0" name="com.gmail.jarmusik.kamil.dicegame2.game.engine.IsLostTurnTest" time="0.002" errors="0" skipped="0">
  <properties>
    <property name="java.runtime.name" value="Java(TM) SE Runtime Environment"/>
    <property name="sun.boot.library.path" value="C:\Program Files\Java\jdk1.8.0_162\jre\bin"/>
    <property name="java.vm.version" value="25.162-b12"/>
    <property name="java.vm.vendor" value="Oracle Corporation"/>
    <property name="maven.multiModuleProjectDirectory" value="C:\Users\Kamil-Tomasz\Documents\NetBeansProjects\DiceGame2"/>
    <property name="java.vendor.url" value="http://java.oracle.com/"/>
    <property name="path.separator" value=";"/>
    <property name="guice.disable.misplaced.annotation.check" value="true"/>
    <property name="java.vm.name" value="Java HotSpot(TM) 64-Bit Server VM"/>
    <property name="file.encoding.pkg" value="sun.io"/>
    <property name="user.script" value=""/>
    <property name="user.country" value="PL"/>
    <property name="sun.java.launcher" value="SUN_STANDARD"/>
    <property name="sun.os.patch.level" value="Service Pack 1"/>
    <property name="test" value="com.gmail.jarmusik.kamil.dicegame2.game.engine.**.*Test"/>
    <property name="java.vm.specification.name" value="Java Virtual Machine Specification"/>
    <property name="user.dir" value="C:\Users\Kamil-Tomasz\Documents\NetBeansProjects\DiceGame2"/>
    <property name="java.runtime.version" value="1.8.0_162-b12"/>
    <property name="java.awt.graphicsenv" value="sun.awt.Win32GraphicsEnvironment"/>
    <property name="java.endorsed.dirs" value="C:\Program Files\Java\jdk1.8.0_162\jre\lib\endorsed"/>
    <property name="os.arch" value="amd64"/>
    <property name="java.io.tmpdir" value="C:\Users\KAMIL-~1\AppData\Local\Temp\"/>
    <property name="line.separator" value="
"/>
    <property name="java.vm.specification.vendor" value="Oracle Corporation"/>
    <property name="user.variant" value=""/>
    <property name="os.name" value="Windows 7"/>
    <property name="maven.ext.class.path" value="C:\Program Files\NetBeans 8.2\java\maven-nblib\netbeans-eventspy.jar"/>
    <property name="classworlds.conf" value="C:\maven\apache-maven-3.5.2-bin\apache-maven-3.5.2\bin\..\bin\m2.conf"/>
    <property name="sun.jnu.encoding" value="Cp1250"/>
    <property name="java.library.path" value="C:\Program Files\Java\jdk1.8.0_162\bin;C:\windows\Sun\Java\bin;C:\windows\system32;C:\windows;C:\Program Files (x86)\Common Files\Oracle\Java\javapath;C:\toSpring\apache-groovy-sdk-2.4.13\groovy-2.4.13\\bin;C:\ProgramData\Oracle\Java\javapath;C:\Program Files\Common Files\Microsoft Shared\Windows Live;C:\Program Files (x86)\Common Files\Microsoft Shared\Windows Live;C:\windows\system32;C:\windows;C:\windows\System32\Wbem;C:\windows\System32\WindowsPowerShell\v1.0\;C:\Program Files\Intel\WiFi\bin\;C:\Program Files\Common Files\Intel\WirelessCommon\;C:\Program Files\Lenovo\Bluetooth Software\;C:\Program Files\Lenovo\Bluetooth Software\syswow64;C:\Program Files (x86)\Windows Live\Shared;C:\Program Files\TortoiseSVN\bin;C:\Program Files (x86)\Skype\Phone\;C:\Program Files\Calibre2\;C:\Program Files (x86)\Brackets\command;C:\Program Files (x86)\NVIDIA Corporation\PhysX\Common;C:\Program Files\TortoiseGit\bin;C:\Program Files\Git\bin;C:\dev\tomcat\apache-tomcat-9.0.10\bin;C:\maven\apache-maven-3.5.2-bin\apache-maven-3.5.2\bin;C:\Program Files\Java\jdk1.8.0_162\bin;C:\Statica\mStatica 4;C:\Users\Kamil-Tomasz\AppData\Local\GitHubDesktop\bin;."/>
    <property name="maven.conf" value="C:\maven\apache-maven-3.5.2-bin\apache-maven-3.5.2\bin\../conf"/>
    <property name="java.specification.name" value="Java Platform API Specification"/>
    <property name="java.class.version" value="52.0"/>
    <property name="sun.management.compiler" value="HotSpot 64-Bit Tiered Compilers"/>
    <property name="os.version" value="6.1"/>
    <property name="library.jansi.path" value="C:\maven\apache-maven-3.5.2-bin\apache-maven-3.5.2\bin\..\lib\jansi-native"/>
    <property name="user.home" value="C:\Users\Kamil-Tomasz"/>
    <property name="user.timezone" value="Europe/Belgrade"/>
    <property name="java.awt.printerjob" value="sun.awt.windows.WPrinterJob"/>
    <property name="java.specification.version" value="1.8"/>
    <property name="file.encoding" value="UTF-8"/>
    <property name="user.name" value="Kamil-Tomasz"/>
    <property name="java.class.path" value="C:\maven\apache-maven-3.5.2-bin\apache-maven-3.5.2\bin\..\boot\plexus-classworlds-2.5.2.jar"/>
    <property name="java.vm.specification.version" value="1.8"/>
    <property name="sun.arch.data.model" value="64"/>
    <property name="java.home" value="C:\Program Files\Java\jdk1.8.0_162\jre"/>
    <property name="sun.java.command" value="org.codehaus.plexus.classworlds.launcher.Launcher -Dtest=com.gmail.jarmusik.kamil.dicegame2.game.engine.**.*Test -Dmaven.ext.class.path=C:\Program Files\NetBeans 8.2\java\maven-nblib\netbeans-eventspy.jar -Dfile.encoding=UTF-8 surefire:test"/>
    <property name="java.specification.vendor" value="Oracle Corporation"/>
    <property name="user.language" value="pl"/>
    <property name="awt.toolkit" value="sun.awt.windows.WToolkit"/>
    <property name="java.vm.info" value="mixed mode"/>
    <property name="java.version" value="1.8.0_162"/>
    <property name="java.ext.dirs" value="C:\Program Files\Java\jdk1.8.0_162\jre\lib\ext;C:\windows\Sun\Java\lib\ext"/>
    <property name="sun.boot.class.path" value="C:\Program Files\Java\jdk1.8.0_162\jre\lib\resources.jar;C:\Program Files\Java\jdk1.8.0_162\jre\lib\rt.jar;C:\Program Files\Java\jdk1.8.0_162\jre\lib\sunrsasign.jar;C:\Program Files\Java\jdk1.8.0_162\jre\lib\jsse.jar;C:\Program Files\Java\jdk1.8.0_162\jre\lib\jce.jar;C:\Program Files\Java\jdk1.8.0_162\jre\lib\charsets.jar;C:\Program Files\Java\jdk1.8.0_162\jre\lib\jfr.jar;C:\Program Files\Java\jdk1.8.0_162\jre\classes"/>
    <property name="java.vendor" value="Oracle Corporation"/>
    <property name="maven.home" value="C:\maven\apache-maven-3.5.2-bin\apache-maven-3.5.2\bin\.."/>
    <property name="file.separator" value="\"/>
    <property name="java.vendor.url.bug" value="http://bugreport.sun.com/bugreport/"/>
    <property name="sun.cpu.endian" value="little"/>
    <property name="sun.io.unicode.encoding" value="UnicodeLittle"/>
    <property name="sun.desktop" value="windows"/>
    <property name="sun.cpu.isalist" value="amd64"/>
  </properties>
  <testcase classname="com.gmail.jarmusik.kamil.dicegame2.game.engine.IsLostTurnTest" name="testIsLostTurn[0: isLostTurn(1,12)=true]" time="0"/>
  <testcase classname="com.gmail.jarmusik.kamil.dicegame2.game.engine.IsLostTurnTest" name="testIsLostTurn[1: isLostTurn(2,12)=false]" time="0"/>
  <testcase classname="com.gmail.jarmusik.kamil.dicegame2.game.engine.IsLostTurnTest" name="testIsLostTurn[2: isLostTurn(3,12)=false]" time="0"/>
  <testcase classname="com.gmail.jarmusik.kamil.dicegame2.game.engine.IsLostTurnTest" name="testIsLostTurn[3: isLostTurn(4,12)=false]" time="0"/>
  <testcase classname="com.gmail.jarmusik.kamil.dicegame2.game.engine.IsLostTurnTest" name="testIsLostTurn[4: isLostTurn(5,12)=false]" time="0"/>
  <testcase classname="com.gmail.jarmusik.kamil.dicegame2.game.engine.IsLostTurnTest" name="testIsLostTurn[5: isLostTurn(6,12)=false]" time="0"/>
  <testcase classname="com.gmail.jarmusik.kamil.dicegame2.game.engine.IsLostTurnTest" name="testIsLostTurn[6: isLostTurn(7,12)=false]" time="0"/>
  <testcase classname="com.gmail.jarmusik.kamil.dicegame2.game.engine.IsLostTurnTest" name="testIsLostTurn[7: isLostTurn(8,12)=false]" time="0"/>
  <testcase classname="com.gmail.jarmusik.kamil.dicegame2.game.engine.IsLostTurnTest" name="testIsLostTurn[8: isLostTurn(9,12)=false]" time="0"/>
  <testcase classname="com.gmail.jarmusik.kamil.dicegame2.game.engine.IsLostTurnTest" name="testIsLostTurn[9: isLostTurn(10,12)=false]" time="0"/>
  <testcase classname="com.gmail.jarmusik.kamil.dicegame2.game.engine.IsLostTurnTest" name="testIsLostTurn[10: isLostTurn(1,2)=true]" time="0"/>
  <testcase classname="com.gmail.jarmusik.kamil.dicegame2.game.engine.IsLostTurnTest" name="testIsLostTurn[11: isLostTurn(2,2)=false]" time="0"/>
  <testcase classname="com.gmail.jarmusik.kamil.dicegame2.game.engine.IsLostTurnTest" name="testIsLostTurn[12: isLostTurn(3,2)=false]" time="0"/>
  <testcase classname="com.gmail.jarmusik.kamil.dicegame2.game.engine.IsLostTurnTest" name="testIsLostTurn[13: isLostTurn(4,2)=false]" time="0"/>
  <testcase classname="com.gmail.jarmusik.kamil.dicegame2.game.engine.IsLostTurnTest" name="testIsLostTurn[14: isLostTurn(5,2)=false]" time="0"/>
  <testcase classname="com.gmail.jarmusik.kamil.dicegame2.game.engine.IsLostTurnTest" name="testIsLostTurn[15: isLostTurn(6,2)=false]" time="0"/>
  <testcase classname="com.gmail.jarmusik.kamil.dicegame2.game.engine.IsLostTurnTest" name="testIsLostTurn[16: isLostTurn(7,2)=false]" time="0"/>
  <testcase classname="com.gmail.jarmusik.kamil.dicegame2.game.engine.IsLostTurnTest" name="testIsLostTurn[17: isLostTurn(8,2)=false]" time="0"/>
  <testcase classname="com.gmail.jarmusik.kamil.dicegame2.game.engine.IsLostTurnTest" name="testIsLostTurn[18: isLostTurn(9,2)=false]" time="0"/>
  <testcase classname="com.gmail.jarmusik.kamil.dicegame2.game.engine.IsLostTurnTest" name="testIsLostTurn[19: isLostTurn(10,2)=false]" time="0"/>
  <testcase classname="com.gmail.jarmusik.kamil.dicegame2.game.engine.IsLostTurnTest" name="testIsLostTurn[20: isLostTurn(1,1)=false]" time="0"/>
  <testcase classname="com.gmail.jarmusik.kamil.dicegame2.game.engine.IsLostTurnTest" name="testIsLostTurn[21: isLostTurn(2,2)=false]" time="0"/>
  <testcase classname="com.gmail.jarmusik.kamil.dicegame2.game.engine.IsLostTurnTest" name="testIsLostTurn[22: isLostTurn(3,3)=false]" time="0"/>
  <testcase classname="com.gmail.jarmusik.kamil.dicegame2.game.engine.IsLostTurnTest" name="testIsLostTurn[23: isLostTurn(4,4)=false]" time="0"/>
  <testcase classname="com.gmail.jarmusik.kamil.dicegame2.game.engine.IsLostTurnTest" name="testIsLostTurn[24: isLostTurn(5,5)=false]" time="0"/>
  <testcase classname="com.gmail.jarmusik.kamil.dicegame2.game.engine.IsLostTurnTest" name="testIsLostTurn[25: isLostTurn(6,6)=false]" time="0.001"/>
  <testcase classname="com.gmail.jarmusik.kamil.dicegame2.game.engine.IsLostTurnTest" name="testIsLostTurn[26: isLostTurn(7,7)=false]" time="0"/>
  <testcase classname="com.gmail.jarmusik.kamil.dicegame2.game.engine.IsLostTurnTest" name="testIsLostTurn[27: isLostTurn(8,8)=false]" time="0.001"/>
  <testcase classname="com.gmail.jarmusik.kamil.dicegame2.game.engine.IsLostTurnTest" name="testIsLostTurn[28: isLostTurn(9,9)=false]" time="0"/>
  <testcase classname="com.gmail.jarmusik.kamil.dicegame2.game.engine.IsLostTurnTest" name="testIsLostTurn[29: isLostTurn(10,10)=false]" time="0"/>
  <testcase classname="com.gmail.jarmusik.kamil.dicegame2.game.engine.IsLostTurnTest" name="testIsLostTurn[30: isLostTurn(9,11)=false]" time="0"/>
  <testcase classname="com.gmail.jarmusik.kamil.dicegame2.game.engine.IsLostTurnTest" name="testIsLostTurn[31: isLostTurn(10,12)=false]" time="0"/>
</testsuite>